<?xml version="1.0" encoding="UTF-8"?>
<!-- Generated by org.testng.reporters.JUnitReportReporter -->
<testsuite skipped="0" hostname="DESKTOP-PLJ6NSN" name="Academy.validateNavigationBar" tests="1" failures="0" timestamp="09 Jan 2019 22:15:54 GMT" time="0.096" errors="0">
  <testcase name="validateAppNavBar" time="0.096" classname="Academy.validateNavigationBar"/>
</testsuite> <!-- Academy.validateNavigationBar -->
